#
# A fatal error has been detected by the Java Runtime Environment:
#
#  EXCEPTION_ACCESS_VIOLATION (0xc0000005) at pc=0x18568528, pid=5056, tid=4964
#
# JRE version: Java(TM) SE Runtime Environment (8.0_11-b12) (build 1.8.0_11-b12)
# Java VM: Java HotSpot(TM) Client VM (25.11-b03 mixed mode, sharing windows-x86 )
# Problematic frame:
# C  [ig7icd32.dll+0x78528]
#
# Failed to write core dump. Minidumps are not enabled by default on client versions of Windows
#
# If you would like to submit a bug report, please visit:
#   http://bugreport.sun.com/bugreport/crash.jsp
# The crash happened outside the Java Virtual Machine in native code.
# See problematic frame for where to report the bug.
#

---------------  T H R E A D  ---------------

Current thread (0x18264400):  JavaThread "AWT-EventQueue-0" [_thread_in_native, id=4964, stack(0x19920000,0x19970000)]

siginfo: ExceptionCode=0xc0000005, reading address 0x18312000

Registers:
EAX=0x000000a1, EBX=0x1a09b648, ECX=0x00000000, EDX=0x18311fa8
ESP=0x1996ddf8, EBP=0x1996de00, ESI=0x0000cb10, EDI=0x167fc590
EIP=0x18568528, EFLAGS=0x00010203

Top of Stack: (sp=0x1996ddf8)
0x1996ddf8:   0000cb10 19191df4 1996de1c 1856897c
0x1996de08:   0000cb10 19191db0 18fe0080 00000000
0x1996de18:   1a09b648 1996de48 1854d17a 0000cb10
0x1996de28:   0000cb10 1830a528 00000000 0000cb10
0x1996de38:   18264530 188f3340 0000cb10 001605cf
0x1996de48:   1996de88 6450d761 00008892 0000cb10
0x1996de58:   0000cb10 1830a528 00000006 00000008
0x1996de68:   18264400 0000cb10 155471c0 155471c0 

Instructions: (pc=0x18568528)
0x18568508:   a4 24 00 00 00 00 8b ff f3 0f 6f 3a f3 0f 6f 72
0x18568518:   10 f3 0f 6f 6a 20 f3 0f 6f 62 30 f3 0f 6f 5a 40
0x18568528:   f3 0f 6f 52 50 f3 0f 6f 4a 60 f3 0f 6f 42 70 66
0x18568538:   0f e7 3f 66 0f e7 77 10 66 0f e7 6f 20 66 0f e7 


Register to memory mapping:

EAX=0x000000a1 is an unknown value
EBX=0x1a09b648 is an unknown value
ECX=0x00000000 is an unknown value
EDX=0x18311fa8 is an unknown value
ESP=0x1996ddf8 is pointing into the stack for thread: 0x18264400
EBP=0x1996de00 is pointing into the stack for thread: 0x18264400
ESI=0x0000cb10 is an unknown value
EDI=0x167fc590 is an unknown value


Stack: [0x19920000,0x19970000],  sp=0x1996ddf8,  free space=311k
Native frames: (J=compiled Java code, j=interpreted, Vv=VM code, C=native code)
C  [ig7icd32.dll+0x78528]
C  [ig7icd32.dll+0x7897c]
C  [ig7icd32.dll+0x5d17a]
C  [jogl_desktop.dll+0xd761]
j  jogamp.opengl.gl4.GL4bcImpl.dispatch_glBufferSubData1(IJJLjava/lang/Object;IZJ)V+0
j  jogamp.opengl.gl4.GL4bcImpl.glBufferSubData(IJJLjava/nio/Buffer;)V+93
j  ass2.spec.Terrain.init(Ljavax/media/opengl/GL2;)V+1024
j  ass2.spec.Game.init(Ljavax/media/opengl/GLAutoDrawable;)V+44
j  jogamp.opengl.GLDrawableHelper.reshape(Ljavax/media/opengl/GLEventListener;Ljavax/media/opengl/GLAutoDrawable;IIIIZZ)V+26
j  jogamp.opengl.GLDrawableHelper.reshape(Ljavax/media/opengl/GLAutoDrawable;IIII)V+55
j  javax.media.opengl.awt.GLJPanel$Updater.display(Ljavax/media/opengl/GLAutoDrawable;)V+177
j  javax.media.opengl.awt.GLJPanel$9.run()V+11
j  jogamp.opengl.GLDrawableHelper.invokeGLImpl(Ljavax/media/opengl/GLDrawable;Ljavax/media/opengl/GLContext;Ljava/lang/Runnable;Ljava/lang/Runnable;)V+203
j  jogamp.opengl.GLDrawableHelper.invokeGL(Ljavax/media/opengl/GLDrawable;Ljavax/media/opengl/GLContext;Ljava/lang/Runnable;Ljava/lang/Runnable;)V+72
j  javax.media.opengl.awt.GLJPanel$OffscreenBackend.doPaintComponent(Ljava/awt/Graphics;)V+29
j  javax.media.opengl.awt.GLJPanel.paintComponent(Ljava/awt/Graphics;)V+215
j  javax.swing.JComponent.paint(Ljava/awt/Graphics;)V+286
j  javax.swing.JComponent.paintChildren(Ljava/awt/Graphics;)V+501
j  javax.swing.JComponent.paint(Ljava/awt/Graphics;)V+318
j  javax.swing.JComponent.paintChildren(Ljava/awt/Graphics;)V+501
j  javax.swing.JComponent.paint(Ljava/awt/Graphics;)V+318
j  javax.swing.JLayeredPane.paint(Ljava/awt/Graphics;)V+73
j  javax.swing.JComponent.paintChildren(Ljava/awt/Graphics;)V+501
j  javax.swing.JComponent.paintToOffscreen(Ljava/awt/Graphics;IIIIII)V+72
j  javax.swing.RepaintManager$PaintManager.paintDoubleBuffered(Ljavax/swing/JComponent;Ljava/awt/Image;Ljava/awt/Graphics;IIII)V+163
j  javax.swing.RepaintManager$PaintManager.paint(Ljavax/swing/JComponent;Ljavax/swing/JComponent;Ljava/awt/Graphics;IIII)Z+116
j  javax.swing.RepaintManager.paint(Ljavax/swing/JComponent;Ljavax/swing/JComponent;Ljava/awt/Graphics;IIII)V+51
j  javax.swing.JComponent.paint(Ljava/awt/Graphics;)V+221
j  java.awt.GraphicsCallback$PaintCallback.run(Ljava/awt/Component;Ljava/awt/Graphics;)V+2
j  sun.awt.SunGraphicsCallback.runOneComponent(Ljava/awt/Component;Ljava/awt/Rectangle;Ljava/awt/Graphics;Ljava/awt/Shape;I)V+155
j  sun.awt.SunGraphicsCallback.runComponents([Ljava/awt/Component;Ljava/awt/Graphics;I)V+194
j  java.awt.Container.paint(Ljava/awt/Graphics;)V+58
j  java.awt.Window.paint(Ljava/awt/Graphics;)V+68
j  javax.swing.RepaintManager$3.run()Ljava/lang/Void;+142
j  javax.swing.RepaintManager$3.run()Ljava/lang/Object;+1
v  ~StubRoutines::call_stub
V  [jvm.dll+0x142295]
V  [jvm.dll+0x2073ae]
V  [jvm.dll+0x14232e]
V  [jvm.dll+0xf9a7d]
C  [java.dll+0x102f]
j  java.security.ProtectionDomain$1.doIntersectionPrivilege(Ljava/security/PrivilegedAction;Ljava/security/AccessControlContext;Ljava/security/AccessControlContext;)Ljava/lang/Object;+28
j  javax.swing.RepaintManager.paintDirtyRegions(Ljava/util/Map;)V+154
j  javax.swing.RepaintManager.paintDirtyRegions()V+46
j  javax.swing.RepaintManager.prePaintDirtyRegions()V+73
j  javax.swing.RepaintManager.access$1100(Ljavax/swing/RepaintManager;)V+1
j  javax.swing.RepaintManager$ProcessingRunnable.run()V+37
j  java.awt.event.InvocationEvent.dispatch()V+47
j  java.awt.EventQueue.dispatchEventImpl(Ljava/awt/AWTEvent;Ljava/lang/Object;)V+21
j  java.awt.EventQueue.access$400(Ljava/awt/EventQueue;Ljava/awt/AWTEvent;Ljava/lang/Object;)V+3
j  java.awt.EventQueue$3.run()Ljava/lang/Void;+32
j  java.awt.EventQueue$3.run()Ljava/lang/Object;+1
v  ~StubRoutines::call_stub
V  [jvm.dll+0x142295]
V  [jvm.dll+0x2073ae]
V  [jvm.dll+0x14232e]
V  [jvm.dll+0xf9a7d]
C  [java.dll+0x102f]
j  java.security.ProtectionDomain$1.doIntersectionPrivilege(Ljava/security/PrivilegedAction;Ljava/security/AccessControlContext;Ljava/security/AccessControlContext;)Ljava/lang/Object;+28
j  java.awt.EventQueue.dispatchEvent(Ljava/awt/AWTEvent;)V+46
j  java.awt.EventDispatchThread.pumpOneEventForFilters(I)V+245
j  java.awt.EventDispatchThread.pumpEventsForFilter(ILjava/awt/Conditional;Ljava/awt/EventFilter;)V+35
j  java.awt.EventDispatchThread.pumpEventsForHierarchy(ILjava/awt/Conditional;Ljava/awt/Component;)V+11
j  java.awt.EventDispatchThread.pumpEvents(ILjava/awt/Conditional;)V+4
j  java.awt.EventDispatchThread.pumpEvents(Ljava/awt/Conditional;)V+3
j  java.awt.EventDispatchThread.run()V+9
v  ~StubRoutines::call_stub
V  [jvm.dll+0x142295]
V  [jvm.dll+0x2073ae]
V  [jvm.dll+0x14232e]
V  [jvm.dll+0x1424b6]
V  [jvm.dll+0x142527]
V  [jvm.dll+0xedebf]
V  [jvm.dll+0x1646ac]
V  [jvm.dll+0x164f3a]
V  [jvm.dll+0x1a9316]
C  [msvcr100.dll+0x5c556]
C  [msvcr100.dll+0x5c600]
C  [KERNEL32.DLL+0x17c04]
C  [ntdll.dll+0x5ad1f]
C  [ntdll.dll+0x5acea]

Java frames: (J=compiled Java code, j=interpreted, Vv=VM code)
j  jogamp.opengl.gl4.GL4bcImpl.dispatch_glBufferSubData1(IJJLjava/lang/Object;IZJ)V+0
j  jogamp.opengl.gl4.GL4bcImpl.glBufferSubData(IJJLjava/nio/Buffer;)V+93
j  ass2.spec.Terrain.init(Ljavax/media/opengl/GL2;)V+1024
j  ass2.spec.Game.init(Ljavax/media/opengl/GLAutoDrawable;)V+44
j  jogamp.opengl.GLDrawableHelper.reshape(Ljavax/media/opengl/GLEventListener;Ljavax/media/opengl/GLAutoDrawable;IIIIZZ)V+26
j  jogamp.opengl.GLDrawableHelper.reshape(Ljavax/media/opengl/GLAutoDrawable;IIII)V+55
j  javax.media.opengl.awt.GLJPanel$Updater.display(Ljavax/media/opengl/GLAutoDrawable;)V+177
j  javax.media.opengl.awt.GLJPanel$9.run()V+11
j  jogamp.opengl.GLDrawableHelper.invokeGLImpl(Ljavax/media/opengl/GLDrawable;Ljavax/media/opengl/GLContext;Ljava/lang/Runnable;Ljava/lang/Runnable;)V+203
j  jogamp.opengl.GLDrawableHelper.invokeGL(Ljavax/media/opengl/GLDrawable;Ljavax/media/opengl/GLContext;Ljava/lang/Runnable;Ljava/lang/Runnable;)V+72
j  javax.media.opengl.awt.GLJPanel$OffscreenBackend.doPaintComponent(Ljava/awt/Graphics;)V+29
j  javax.media.opengl.awt.GLJPanel.paintComponent(Ljava/awt/Graphics;)V+215
j  javax.swing.JComponent.paint(Ljava/awt/Graphics;)V+286
j  javax.swing.JComponent.paintChildren(Ljava/awt/Graphics;)V+501
j  javax.swing.JComponent.paint(Ljava/awt/Graphics;)V+318
j  javax.swing.JComponent.paintChildren(Ljava/awt/Graphics;)V+501
j  javax.swing.JComponent.paint(Ljava/awt/Graphics;)V+318
j  javax.swing.JLayeredPane.paint(Ljava/awt/Graphics;)V+73
j  javax.swing.JComponent.paintChildren(Ljava/awt/Graphics;)V+501
j  javax.swing.JComponent.paintToOffscreen(Ljava/awt/Graphics;IIIIII)V+72
j  javax.swing.RepaintManager$PaintManager.paintDoubleBuffered(Ljavax/swing/JComponent;Ljava/awt/Image;Ljava/awt/Graphics;IIII)V+163
j  javax.swing.RepaintManager$PaintManager.paint(Ljavax/swing/JComponent;Ljavax/swing/JComponent;Ljava/awt/Graphics;IIII)Z+116
j  javax.swing.RepaintManager.paint(Ljavax/swing/JComponent;Ljavax/swing/JComponent;Ljava/awt/Graphics;IIII)V+51
j  javax.swing.JComponent.paint(Ljava/awt/Graphics;)V+221
j  java.awt.GraphicsCallback$PaintCallback.run(Ljava/awt/Component;Ljava/awt/Graphics;)V+2
j  sun.awt.SunGraphicsCallback.runOneComponent(Ljava/awt/Component;Ljava/awt/Rectangle;Ljava/awt/Graphics;Ljava/awt/Shape;I)V+155
j  sun.awt.SunGraphicsCallback.runComponents([Ljava/awt/Component;Ljava/awt/Graphics;I)V+194
j  java.awt.Container.paint(Ljava/awt/Graphics;)V+58
j  java.awt.Window.paint(Ljava/awt/Graphics;)V+68
j  javax.swing.RepaintManager$3.run()Ljava/lang/Void;+142
j  javax.swing.RepaintManager$3.run()Ljava/lang/Object;+1
v  ~StubRoutines::call_stub
j  java.security.AccessController.doPrivileged(Ljava/security/PrivilegedAction;Ljava/security/AccessControlContext;)Ljava/lang/Object;+0
j  java.security.ProtectionDomain$1.doIntersectionPrivilege(Ljava/security/PrivilegedAction;Ljava/security/AccessControlContext;Ljava/security/AccessControlContext;)Ljava/lang/Object;+28
j  javax.swing.RepaintManager.paintDirtyRegions(Ljava/util/Map;)V+154
j  javax.swing.RepaintManager.paintDirtyRegions()V+46
j  javax.swing.RepaintManager.prePaintDirtyRegions()V+73
j  javax.swing.RepaintManager.access$1100(Ljavax/swing/RepaintManager;)V+1
j  javax.swing.RepaintManager$ProcessingRunnable.run()V+37
j  java.awt.event.InvocationEvent.dispatch()V+47
j  java.awt.EventQueue.dispatchEventImpl(Ljava/awt/AWTEvent;Ljava/lang/Object;)V+21
j  java.awt.EventQueue.access$400(Ljava/awt/EventQueue;Ljava/awt/AWTEvent;Ljava/lang/Object;)V+3
j  java.awt.EventQueue$3.run()Ljava/lang/Void;+32
j  java.awt.EventQueue$3.run()Ljava/lang/Object;+1
v  ~StubRoutines::call_stub
j  java.security.AccessController.doPrivileged(Ljava/security/PrivilegedAction;Ljava/security/AccessControlContext;)Ljava/lang/Object;+0
j  java.security.ProtectionDomain$1.doIntersectionPrivilege(Ljava/security/PrivilegedAction;Ljava/security/AccessControlContext;Ljava/security/AccessControlContext;)Ljava/lang/Object;+28
j  java.awt.EventQueue.dispatchEvent(Ljava/awt/AWTEvent;)V+46
j  java.awt.EventDispatchThread.pumpOneEventForFilters(I)V+245
j  java.awt.EventDispatchThread.pumpEventsForFilter(ILjava/awt/Conditional;Ljava/awt/EventFilter;)V+35
j  java.awt.EventDispatchThread.pumpEventsForHierarchy(ILjava/awt/Conditional;Ljava/awt/Component;)V+11
j  java.awt.EventDispatchThread.pumpEvents(ILjava/awt/Conditional;)V+4
j  java.awt.EventDispatchThread.pumpEvents(Ljava/awt/Conditional;)V+3
j  java.awt.EventDispatchThread.run()V+9
v  ~StubRoutines::call_stub

---------------  P R O C E S S  ---------------

Java Threads: ( => current thread )
  0x182c5400 JavaThread "D3D Screen Updater" daemon [_thread_blocked, id=6828, stack(0x19b30000,0x19b80000)]
  0x027ccc00 JavaThread "DestroyJavaVM" [_thread_blocked, id=4536, stack(0x00d50000,0x00da0000)]
=>0x18264400 JavaThread "AWT-EventQueue-0" [_thread_in_native, id=4964, stack(0x19920000,0x19970000)]
  0x18264000 JavaThread "AWT-Shutdown" [_thread_blocked, id=7756, stack(0x19890000,0x198e0000)]
  0x1820ec00 JavaThread "main-FPSAWTAnimator#00-Timer0" [_thread_blocked, id=5552, stack(0x192c0000,0x19310000)]
  0x18217400 JavaThread "main-SharedResourceRunner" daemon [_thread_blocked, id=7184, stack(0x17f60000,0x17fb0000)]
  0x156b7400 JavaThread "AWT-Windows" daemon [_thread_in_native, id=6364, stack(0x160c0000,0x16110000)]
  0x156b5c00 JavaThread "Java2D Disposer" daemon [_thread_blocked, id=7016, stack(0x15fa0000,0x15ff0000)]
  0x02659400 JavaThread "Service Thread" daemon [_thread_blocked, id=7192, stack(0x14b80000,0x14bd0000)]
  0x02629000 JavaThread "C1 CompilerThread0" daemon [_thread_blocked, id=1076, stack(0x14af0000,0x14b40000)]
  0x02628000 JavaThread "Attach Listener" daemon [_thread_blocked, id=5596, stack(0x14a60000,0x14ab0000)]
  0x02626000 JavaThread "Signal Dispatcher" daemon [_thread_blocked, id=5952, stack(0x149d0000,0x14a20000)]
  0x0261a800 JavaThread "Finalizer" daemon [_thread_blocked, id=4336, stack(0x14940000,0x14990000)]
  0x02614800 JavaThread "Reference Handler" daemon [_thread_blocked, id=4184, stack(0x148b0000,0x14900000)]

Other Threads:
  0x02613000 VMThread [stack: 0x14860000,0x148b0000] [id=1412]
  0x0265c400 WatcherThread [stack: 0x14c10000,0x14c60000] [id=6232]

VM state:not at safepoint (normal execution)

VM Mutex/Monitor currently owned by a thread: None

Heap:
 def new generation   total 4928K, used 2081K [0x04800000, 0x04d50000, 0x09d50000)
  eden space 4416K,  35% used [0x04800000, 0x04988580, 0x04c50000)
  from space 512K, 100% used [0x04c50000, 0x04cd0000, 0x04cd0000)
  to   space 512K,   0% used [0x04cd0000, 0x04cd0000, 0x04d50000)
 tenured generation   total 10944K, used 5186K [0x09d50000, 0x0a800000, 0x14800000)
   the space 10944K,  47% used [0x09d50000, 0x0a260ae0, 0x0a260c00, 0x0a800000)
 Metaspace       used 4689K, capacity 5717K, committed 5760K, reserved 6528K

Card table byte_map: [0x026f0000,0x02780000] byte_map_base: 0x026cc000

Polling page: 0x00b60000

CodeCache: size=32768Kb used=1234Kb max_used=1234Kb free=31533Kb
 bounds [0x027e0000, 0x02918000, 0x047e0000]
 total_blobs=738 nmethods=324 adapters=346
 compilation: enabled

Compilation events (10 events):
Event: 6.813 Thread 0x02629000  321   !         com.sun.imageio.plugins.jpeg.JPEGImageReader::acceptPixels (522 bytes)
Event: 6.822 Thread 0x02629000 nmethod 321 0x0290f5c8 code [0x0290f960, 0x02910a04]
Event: 6.822 Thread 0x02629000  322             sun.awt.image.ByteInterleavedRaster::setRect (187 bytes)
Event: 6.824 Thread 0x02629000 nmethod 322 0x029123c8 code [0x029124e0, 0x029126b8]
Event: 6.824 Thread 0x02629000  323             sun.awt.image.ByteInterleavedRaster::getDataElements (18 bytes)
Event: 6.824 Thread 0x02629000 nmethod 323 0x02912788 code [0x02912890, 0x0291296c]
Event: 6.824 Thread 0x02629000  324             sun.awt.image.ByteInterleavedRaster::getByteData (851 bytes)
Event: 6.831 Thread 0x02629000 nmethod 324 0x02912a08 code [0x02912bc0, 0x02913684]
Event: 6.831 Thread 0x02629000  325             javax.imageio.ImageReader::processImageUpdate (73 bytes)
Event: 6.832 Thread 0x02629000 nmethod 325 0x02914708 code [0x02914830, 0x02914a04]

GC Heap History (10 events):
Event: 5.681 GC heap before
{Heap before GC invocations=7 (full 0):
 def new generation   total 4928K, used 4416K [0x04800000, 0x04d50000, 0x09d50000)
  eden space 4416K, 100% used [0x04800000, 0x04c50000, 0x04c50000)
  from space 512K,   0% used [0x04cd0000, 0x04cd00e8, 0x04d50000)
  to   space 512K,   0% used [0x04c50000, 0x04c50000, 0x04cd0000)
 tenured generation   total 10944K, used 4443K [0x09d50000, 0x0a800000, 0x14800000)
   the space 10944K,  40% used [0x09d50000, 0x0a1a6d08, 0x0a1a6e00, 0x0a800000)
 Metaspace       used 3800K, capacity 5197K, committed 5248K, reserved 5504K
Event: 5.684 GC heap after
Heap after GC invocations=8 (full 0):
 def new generation   total 4928K, used 165K [0x04800000, 0x04d50000, 0x09d50000)
  eden space 4416K,   0% used [0x04800000, 0x04800000, 0x04c50000)
  from space 512K,  32% used [0x04c50000, 0x04c79698, 0x04cd0000)
  to   space 512K,   0% used [0x04cd0000, 0x04cd0000, 0x04d50000)
 tenured generation   total 10944K, used 4443K [0x09d50000, 0x0a800000, 0x14800000)
   the space 10944K,  40% used [0x09d50000, 0x0a1a6d08, 0x0a1a6e00, 0x0a800000)
 Metaspace       used 3800K, capacity 5197K, committed 5248K, reserved 5504K
}
Event: 5.749 GC heap before
{Heap before GC invocations=8 (full 0):
 def new generation   total 4928K, used 4581K [0x04800000, 0x04d50000, 0x09d50000)
  eden space 4416K, 100% used [0x04800000, 0x04c50000, 0x04c50000)
  from space 512K,  32% used [0x04c50000, 0x04c79698, 0x04cd0000)
  to   space 512K,   0% used [0x04cd0000, 0x04cd0000, 0x04d50000)
 tenured generation   total 10944K, used 4443K [0x09d50000, 0x0a800000, 0x14800000)
   the space 10944K,  40% used [0x09d50000, 0x0a1a6d08, 0x0a1a6e00, 0x0a800000)
 Metaspace       used 3800K, capacity 5197K, committed 5248K, reserved 5504K
Event: 5.751 GC heap after
Heap after GC invocations=9 (full 0):
 def new generation   total 4928K, used 165K [0x04800000, 0x04d50000, 0x09d50000)
  eden space 4416K,   0% used [0x04800000, 0x04800000, 0x04c50000)
  from space 512K,  32% used [0x04cd0000, 0x04cf9440, 0x04d50000)
  to   space 512K,   0% used [0x04c50000, 0x04c50000, 0x04cd0000)
 tenured generation   total 10944K, used 4443K [0x09d50000, 0x0a800000, 0x14800000)
   the space 10944K,  40% used [0x09d50000, 0x0a1a6d08, 0x0a1a6e00, 0x0a800000)
 Metaspace       used 3800K, capacity 5197K, committed 5248K, reserved 5504K
}
Event: 5.884 GC heap before
{Heap before GC invocations=9 (full 0):
 def new generation   total 4928K, used 4581K [0x04800000, 0x04d50000, 0x09d50000)
  eden space 4416K, 100% used [0x04800000, 0x04c50000, 0x04c50000)
  from space 512K,  32% used [0x04cd0000, 0x04cf9440, 0x04d50000)
  to   space 512K,   0% used [0x04c50000, 0x04c50000, 0x04cd0000)
 tenured generation   total 10944K, used 4443K [0x09d50000, 0x0a800000, 0x14800000)
   the space 10944K,  40% used [0x09d50000, 0x0a1a6d08, 0x0a1a6e00, 0x0a800000)
 Metaspace       used 3842K, capacity 5261K, committed 5376K, reserved 5504K
Event: 5.887 GC heap after
Heap after GC invocations=10 (full 0):
 def new generation   total 4928K, used 150K [0x04800000, 0x04d50000, 0x09d50000)
  eden space 4416K,   0% used [0x04800000, 0x04800000, 0x04c50000)
  from space 512K,  29% used [0x04c50000, 0x04c758f8, 0x04cd0000)
  to   space 512K,   0% used [0x04cd0000, 0x04cd0000, 0x04d50000)
 tenured generation   total 10944K, used 4443K [0x09d50000, 0x0a800000, 0x14800000)
   the space 10944K,  40% used [0x09d50000, 0x0a1a6d08, 0x0a1a6e00, 0x0a800000)
 Metaspace       used 3842K, capacity 5261K, committed 5376K, reserved 5504K
}
Event: 6.605 GC heap before
{Heap before GC invocations=10 (full 0):
 def new generation   total 4928K, used 4566K [0x04800000, 0x04d50000, 0x09d50000)
  eden space 4416K, 100% used [0x04800000, 0x04c50000, 0x04c50000)
  from space 512K,  29% used [0x04c50000, 0x04c758f8, 0x04cd0000)
  to   space 512K,   0% used [0x04cd0000, 0x04cd0000, 0x04d50000)
 tenured generation   total 10944K, used 4443K [0x09d50000, 0x0a800000, 0x14800000)
   the space 10944K,  40% used [0x09d50000, 0x0a1a6d08, 0x0a1a6e00, 0x0a800000)
 Metaspace       used 4465K, capacity 5717K, committed 5760K, reserved 6528K
Event: 6.616 GC heap after
Heap after GC invocations=11 (full 0):
 def new generation   total 4928K, used 512K [0x04800000, 0x04d50000, 0x09d50000)
  eden space 4416K,   0% used [0x04800000, 0x04800000, 0x04c50000)
  from space 512K, 100% used [0x04cd0000, 0x04d50000, 0x04d50000)
  to   space 512K,   0% used [0x04c50000, 0x04c50000, 0x04cd0000)
 tenured generation   total 10944K, used 4799K [0x09d50000, 0x0a800000, 0x14800000)
   the space 10944K,  43% used [0x09d50000, 0x0a1fff30, 0x0a200000, 0x0a800000)
 Metaspace       used 4465K, capacity 5717K, committed 5760K, reserved 6528K
}
Event: 6.862 GC heap before
{Heap before GC invocations=11 (full 0):
 def new generation   total 4928K, used 4928K [0x04800000, 0x04d50000, 0x09d50000)
  eden space 4416K, 100% used [0x04800000, 0x04c50000, 0x04c50000)
  from space 512K, 100% used [0x04cd0000, 0x04d50000, 0x04d50000)
  to   space 512K,   0% used [0x04c50000, 0x04c50000, 0x04cd0000)
 tenured generation   total 10944K, used 4799K [0x09d50000, 0x0a800000, 0x14800000)
   the space 10944K,  43% used [0x09d50000, 0x0a1fff30, 0x0a200000, 0x0a800000)
 Metaspace       used 4678K, capacity 5717K, committed 5760K, reserved 6528K
Event: 6.870 GC heap after
Heap after GC invocations=12 (full 0):
 def new generation   total 4928K, used 512K [0x04800000, 0x04d50000, 0x09d50000)
  eden space 4416K,   0% used [0x04800000, 0x04800000, 0x04c50000)
  from space 512K, 100% used [0x04c50000, 0x04cd0000, 0x04cd0000)
  to   space 512K,   0% used [0x04cd0000, 0x04cd0000, 0x04d50000)
 tenured generation   total 10944K, used 5186K [0x09d50000, 0x0a800000, 0x14800000)
   the space 10944K,  47% used [0x09d50000, 0x0a260ae0, 0x0a260c00, 0x0a800000)
 Metaspace       used 4678K, capacity 5717K, committed 5760K, reserved 6528K
}

Deoptimization events (0 events):
No events

Internal exceptions (10 events):
Event: 6.598 Thread 0x18264400 Exception <a 'java/security/PrivilegedActionException'> (0x04c3f318) thrown at [D:\re\puppet\workspace\8-2-build-windows-i586-cygwin\jdk8u11\648\hotspot\src\share\vm\prims\jvm.cpp, line 1248]
Event: 6.601 Thread 0x18264400 Exception <a 'java/security/PrivilegedActionException'> (0x04c4b1d0) thrown at [D:\re\puppet\workspace\8-2-build-windows-i586-cygwin\jdk8u11\648\hotspot\src\share\vm\prims\jvm.cpp, line 1248]
Event: 6.603 Thread 0x18264400 Exception <a 'java/security/PrivilegedActionException'> (0x04c4dac0) thrown at [D:\re\puppet\workspace\8-2-build-windows-i586-cygwin\jdk8u11\648\hotspot\src\share\vm\prims\jvm.cpp, line 1248]
Event: 6.616 Thread 0x18264400 Exception <a 'java/security/PrivilegedActionException'> (0x04800588) thrown at [D:\re\puppet\workspace\8-2-build-windows-i586-cygwin\jdk8u11\648\hotspot\src\share\vm\prims\jvm.cpp, line 1248]
Event: 6.619 Thread 0x18264400 Exception <a 'java/security/PrivilegedActionException'> (0x04804160) thrown at [D:\re\puppet\workspace\8-2-build-windows-i586-cygwin\jdk8u11\648\hotspot\src\share\vm\prims\jvm.cpp, line 1248]
Event: 6.621 Thread 0x18264400 Exception <a 'java/security/PrivilegedActionException'> (0x04807438) thrown at [D:\re\puppet\workspace\8-2-build-windows-i586-cygwin\jdk8u11\648\hotspot\src\share\vm\prims\jvm.cpp, line 1248]
Event: 6.648 Thread 0x18264400 Exception <a 'java/security/PrivilegedActionException'> (0x04829e08) thrown at [D:\re\puppet\workspace\8-2-build-windows-i586-cygwin\jdk8u11\648\hotspot\src\share\vm\prims\jvm.cpp, line 1248]
Event: 6.914 Thread 0x18264400 Exception <a 'java/security/PrivilegedActionException'> (0x04953938) thrown at [D:\re\puppet\workspace\8-2-build-windows-i586-cygwin\jdk8u11\648\hotspot\src\share\vm\prims\jvm.cpp, line 1248]
Event: 6.921 Thread 0x18264400 Exception <a 'java/security/PrivilegedActionException'> (0x04958040) thrown at [D:\re\puppet\workspace\8-2-build-windows-i586-cygwin\jdk8u11\648\hotspot\src\share\vm\prims\jvm.cpp, line 1248]
Event: 7.023 Thread 0x18264400 Exception <a 'java/security/PrivilegedActionException'> (0x04960d90) thrown at [D:\re\puppet\workspace\8-2-build-windows-i586-cygwin\jdk8u11\648\hotspot\src\share\vm\prims\jvm.cpp, line 1248]

Events (10 events):
Event: 6.862 Executing VM operation: GenCollectForAllocation
Event: 6.870 Executing VM operation: GenCollectForAllocation done
Event: 6.914 loading class com/jogamp/opengl/util/awt/ImageUtil
Event: 6.914 loading class com/jogamp/opengl/util/awt/ImageUtil done
Event: 6.921 loading class com/jogamp/opengl/util/texture/awt/AWTTextureIO
Event: 6.921 loading class com/jogamp/opengl/util/texture/awt/AWTTextureIO done
Event: 6.923 loading class java/awt/image/MultiPixelPackedSampleModel
Event: 6.923 loading class java/awt/image/MultiPixelPackedSampleModel done
Event: 7.023 loading class ass2/spec/MathUtil
Event: 7.023 loading class ass2/spec/MathUtil done


Dynamic libraries:
0x00ea0000 - 0x00ed0000 	F:\Java platform\bin\javaw.exe
0x77bf0000 - 0x77d5e000 	C:\WINDOWS\SYSTEM32\ntdll.dll
0x75c60000 - 0x75da0000 	C:\WINDOWS\SYSTEM32\KERNEL32.DLL
0x75450000 - 0x75527000 	C:\WINDOWS\SYSTEM32\KERNELBASE.dll
0x66510000 - 0x665b0000 	C:\WINDOWS\system32\apphelp.dll
0x78de0000 - 0x79046000 	C:\WINDOWS\AppPatch\AcGenral.DLL
0x75350000 - 0x75413000 	C:\WINDOWS\SYSTEM32\msvcrt.dll
0x75610000 - 0x75651000 	C:\WINDOWS\SYSTEM32\sechost.dll
0x75030000 - 0x7504e000 	C:\WINDOWS\SYSTEM32\SspiCli.dll
0x75530000 - 0x75575000 	C:\WINDOWS\SYSTEM32\SHLWAPI.dll
0x66850000 - 0x6693d000 	C:\WINDOWS\SYSTEM32\UxTheme.dll
0x77560000 - 0x776b3000 	C:\WINDOWS\SYSTEM32\USER32.dll
0x779b0000 - 0x77abf000 	C:\WINDOWS\SYSTEM32\GDI32.dll
0x75da0000 - 0x75dc3000 	C:\WINDOWS\SYSTEM32\WINMM.dll
0x74a30000 - 0x74a43000 	C:\WINDOWS\SYSTEM32\samcli.dll
0x758c0000 - 0x759e9000 	C:\WINDOWS\SYSTEM32\ole32.dll
0x75090000 - 0x75125000 	C:\WINDOWS\SYSTEM32\OLEAUT32.dll
0x66730000 - 0x66747000 	C:\WINDOWS\SYSTEM32\MSACM32.dll
0x74fb0000 - 0x74fb8000 	C:\WINDOWS\SYSTEM32\VERSION.dll
0x762a0000 - 0x7754d000 	C:\WINDOWS\SYSTEM32\SHELL32.dll
0x74f80000 - 0x74f9b000 	C:\WINDOWS\SYSTEM32\USERENV.dll
0x664f0000 - 0x6650a000 	C:\WINDOWS\SYSTEM32\dwmapi.dll
0x73f80000 - 0x740ca000 	C:\WINDOWS\SYSTEM32\urlmon.dll
0x752d0000 - 0x7534c000 	C:\WINDOWS\SYSTEM32\ADVAPI32.dll
0x73150000 - 0x731b5000 	C:\WINDOWS\SYSTEM32\WINSPOOL.DRV
0x69260000 - 0x69276000 	C:\WINDOWS\SYSTEM32\MPR.dll
0x76110000 - 0x761ca000 	C:\WINDOWS\SYSTEM32\RPCRT4.dll
0x75020000 - 0x7502a000 	C:\WINDOWS\SYSTEM32\CRYPTBASE.dll
0x75150000 - 0x752cd000 	C:\WINDOWS\SYSTEM32\combase.dll
0x75420000 - 0x75443000 	C:\WINDOWS\SYSTEM32\WINMMBASE.dll
0x74f70000 - 0x74f7f000 	C:\WINDOWS\SYSTEM32\profapi.dll
0x73700000 - 0x73932000 	C:\WINDOWS\SYSTEM32\iertutil.dll
0x73510000 - 0x736f4000 	C:\WINDOWS\SYSTEM32\WININET.dll
0x74fc0000 - 0x75014000 	C:\WINDOWS\SYSTEM32\bcryptPrimitives.dll
0x75880000 - 0x758bc000 	C:\WINDOWS\SYSTEM32\cfgmgr32.dll
0x75660000 - 0x75681000 	C:\WINDOWS\SYSTEM32\DEVOBJ.dll
0x74d80000 - 0x74e0b000 	C:\WINDOWS\SYSTEM32\SHCORE.DLL
0x77840000 - 0x77867000 	C:\WINDOWS\system32\IMM32.DLL
0x75e30000 - 0x75f42000 	C:\WINDOWS\SYSTEM32\MSCTF.dll
0x65410000 - 0x65616000 	C:\WINDOWS\WinSxS\x86_microsoft.windows.common-controls_6595b64144ccf1df_6.0.9600.17810_none_a9edf09f013934e0\COMCTL32.dll
0x515e0000 - 0x5169f000 	F:\Java platform\jre\bin\msvcr100.dll
0x5dc70000 - 0x5e007000 	F:\Java platform\jre\bin\client\jvm.dll
0x72ea0000 - 0x72ea8000 	C:\WINDOWS\SYSTEM32\WSOCK32.dll
0x75f50000 - 0x75f56000 	C:\WINDOWS\SYSTEM32\PSAPI.DLL
0x77ad0000 - 0x77b20000 	C:\WINDOWS\SYSTEM32\WS2_32.dll
0x77550000 - 0x77557000 	C:\WINDOWS\SYSTEM32\NSI.dll
0x658f0000 - 0x658fc000 	F:\Java platform\jre\bin\verify.dll
0x58030000 - 0x58051000 	F:\Java platform\jre\bin\java.dll
0x58010000 - 0x58023000 	F:\Java platform\jre\bin\zip.dll
0x6ce00000 - 0x6cf45000 	F:\Java platform\jre\bin\awt.dll
0x74980000 - 0x74989000 	C:\WINDOWS\SYSTEM32\kernel.appcore.dll
0x64860000 - 0x648f3000 	C:\Users\Guohao\AppData\Roaming\TaobaoProtect\TaobaoProtectSE.dll
0x75690000 - 0x75818000 	C:\WINDOWS\SYSTEM32\CRYPT32.dll
0x66450000 - 0x66453000 	C:\WINDOWS\SYSTEM32\sfc.dll
0x75f80000 - 0x75f8e000 	C:\WINDOWS\SYSTEM32\MSASN1.dll
0x659d0000 - 0x659df000 	C:\WINDOWS\SYSTEM32\sfc_os.DLL
0x5d770000 - 0x5d943000 	C:\WINDOWS\system32\d3d9.dll
0x5d690000 - 0x5d76d000 	C:\WINDOWS\SYSTEM32\nvumdshim.dll
0x75a00000 - 0x75bb1000 	C:\WINDOWS\SYSTEM32\SETUPAPI.dll
0x644d0000 - 0x644fc000 	C:\WINDOWS\system32\nvinit.dll
0x16120000 - 0x16126000 	C:\Program Files (x86)\NVIDIA Corporation\CoProcManager\_etoured.dll
0x64290000 - 0x642bb000 	C:\Program Files (x86)\NVIDIA Corporation\CoProcManager\nvd3d9wrap.dll
0x64270000 - 0x6428f000 	C:\Program Files (x86)\NVIDIA Corporation\CoProcManager\nvdxgiwrap.dll
0x5be10000 - 0x5d681000 	C:\WINDOWS\system32\igdumdim32.dll
0x5ba90000 - 0x5be0c000 	C:\WINDOWS\SYSTEM32\igdusc32.dll
0x74560000 - 0x74579000 	C:\WINDOWS\SYSTEM32\CRYPTSP.dll
0x73080000 - 0x730b0000 	C:\WINDOWS\system32\rsaenh.dll
0x73060000 - 0x7307e000 	C:\WINDOWS\SYSTEM32\bcrypt.dll
0x57ff0000 - 0x58004000 	F:\Java platform\jre\bin\net.dll
0x740d0000 - 0x7411b000 	C:\WINDOWS\system32\mswsock.dll
0x74cd0000 - 0x74cf0000 	C:\WINDOWS\SYSTEM32\IPHLPAPI.DLL
0x74cc0000 - 0x74cc8000 	C:\WINDOWS\SYSTEM32\WINNSI.DLL
0x74120000 - 0x74133000 	C:\WINDOWS\SYSTEM32\dhcpcsvc6.DLL
0x74a10000 - 0x74a24000 	C:\WINDOWS\SYSTEM32\dhcpcsvc.DLL
0x62560000 - 0x6256f000 	F:\Java platform\jre\bin\nio.dll
0x637c0000 - 0x637cb000 	C:\Users\Guohao\AppData\Local\Temp\jogamp_0000\file_cache\jln6212639267379360431\jln124129453312415128\gluegen-rt.dll
0x57c40000 - 0x57c46000 	F:\Java platform\jre\bin\jawt.dll
0x6a440000 - 0x6a44b000 	C:\Users\Guohao\AppData\Local\Temp\jogamp_0000\file_cache\jln6212639267379360431\jln124129453312415128\nativewindow_awt.dll
0x6c100000 - 0x6c10d000 	C:\Users\Guohao\AppData\Local\Temp\jogamp_0000\file_cache\jln6212639267379360431\jln124129453312415128\nativewindow_win32.dll
0x68600000 - 0x686de000 	C:\WINDOWS\SYSTEM32\OpenGL32.dll
0x57c10000 - 0x57c35000 	C:\WINDOWS\SYSTEM32\GLU32.dll
0x76020000 - 0x7610c000 	C:\WINDOWS\SYSTEM32\DDRAW.dll
0x759f0000 - 0x759f7000 	C:\WINDOWS\SYSTEM32\DCIMAN32.dll
0x64500000 - 0x64592000 	C:\Users\Guohao\AppData\Local\Temp\jogamp_0000\file_cache\jln6212639267379360431\jln124129453312415128\jogl_desktop.dll
0x51700000 - 0x51750000 	C:\WINDOWS\SYSTEM32\nvoglshim32.dll
0x184f0000 - 0x18b11000 	C:\WINDOWS\system32\ig7icd32.dll
0x75050000 - 0x75090000 	C:\WINDOWS\SYSTEM32\powrprof.dll
0x50aa0000 - 0x50ad9000 	F:\Java platform\jre\bin\fontmanager.dll
0x50060000 - 0x50085000 	F:\Java platform\jre\bin\jpeg.dll
0x73e30000 - 0x73f71000 	C:\WINDOWS\SYSTEM32\dbghelp.dll

VM Arguments:
jvm_args: -Dfile.encoding=Cp1252 
java_command: ass2.spec.Game world.json
java_class_path (initial): F:\JOGL\ass2\bin;F:\JOGL\jogamp-all-platforms\jar\gluegen-rt.jar;F:\JOGL\jogamp-all-platforms\jar\jogl-all.jar
Launcher Type: SUN_STANDARD

Environment Variables:
JAVA_HOME=F:\Java platform
CLASSPATH=.;F:\Java platform/lib/dt.jar;F:\Java platform/lib/tools.jar
PATH=F:/Java platform/jre/bin/client;F:/Java platform/jre/bin;F:/Java platform/jre/lib/i386;D:\DataBase\app\oracle\product\11.2.0\server\bin;C:\WinAVR-20100110\bin;C:\WinAVR-20100110\utils\bin;C:\Program Files (x86)\NVIDIA Corporation\PhysX\Common;C:\Program Files (x86)\Intel\iCLS Client\;C:\Program Files\Intel\iCLS Client\;C:\WINDOWS\system32;C:\WINDOWS;C:\WINDOWS\System32\Wbem;C:\WINDOWS\System32\WindowsPowerShell\v1.0\;C:\Program Files (x86)\Windows Live\Shared;C:\Program Files\Intel\Intel(R) Management Engine Components\DAL;C:\Program Files\Intel\Intel(R) Management Engine Components\IPT;C:\Program Files (x86)\Intel\Intel(R) Management Engine Components\DAL;C:\Program Files (x86)\Intel\Intel(R) Management Engine Components\IPT;C:\Program Files (x86)\Intel\OpenCL SDK\2.0\bin\x86;C:\Program Files (x86)\Intel\OpenCL SDK\2.0\bin\x64;C:\Program Files (x86)\Windows Kits\8.1\Windows Performance Toolkit\;C:\Program Files\Microsoft SQL Server\110\Tools\Binn\;C:\Program Files (x86)\Microsoft SDKs\TypeScript\1.0\;C:\Program Files\Microsoft SQL Server\120\Tools\Binn\;C:\Program Files\nodejs\;C:\Program Files (x86)\Microsoft SQL Server\Client SDK\ODBC\110\Tools\Binn\;C:\Program Files (x86)\Microsoft SQL Server\120\Tools\Binn\;C:\Program Files (x86)\Microsoft SQL Server\120\DTS\Binn\;F:\matlab\program\runtime\win32;F:\matlab\program\bin; F:\Java platform/bin;F:\Java platform/jre/bin;C:\Users\Guohao\AppData\Roaming\npm;C:\Users\Guohao\AppData\Local\.meteor\;C:\Program Files\MySQL\mysql-5.6.26-win32\bin;H:\quartusii\modelsim_ase\win32aloem;F:\eclipse;
USERNAME=Alan
OS=Windows_NT
PROCESSOR_IDENTIFIER=Intel64 Family 6 Model 58 Stepping 9, GenuineIntel



---------------  S Y S T E M  ---------------

OS: Windows 8.1 , 64 bit Build 9600 

CPU:total 4 (2 cores per cpu, 2 threads per core) family 6 model 58 stepping 9, cmov, cx8, fxsr, mmx, sse, sse2, sse3, ssse3, sse4.1, sse4.2, popcnt, avx, aes, clmul, erms, ht, tsc, tscinvbit

Memory: 4k page, physical 8271552k(5345300k free), swap 8795840k(5062968k free)

vm_info: Java HotSpot(TM) Client VM (25.11-b03) for windows-x86 JRE (1.8.0_11-b12), built on Jun 16 2014 18:18:58 by "java_re" with MS VC++ 10.0 (VS2010)

time: Thu Oct 08 14:57:54 2015
elapsed time: 7 seconds

